<?xml version="1.0" encoding="UTF-8"?>
<!-- Generated by org.testng.reporters.JUnitXMLReporter -->
<testsuite ignored="0" hostname="JSP-JNTU-HYD" failures="0" tests="3" name="group_execution" time="38.345" errors="0" timestamp="2022-10-14T22:11:05 IST">
  <testcase classname="utility.Task" name="executeTask" time="5.519"/>
  <testcase classname="utility.Users" name="executeUsers" time="6.18"/>
  <testcase classname="utility.Reports" name="executeReports" time="9.669"/>
</testsuite> <!-- group_execution -->
