<?xml version="1.0" encoding="UTF-8"?>
<!-- Generated by org.testng.reporters.JUnitXMLReporter -->
<testsuite ignored="1" hostname="JSP-JNTU-HYD" failures="0" tests="2" name="Test" time="54.97" errors="0" timestamp="2022-10-17T23:56:00 IST">
  <testcase classname="utility.Users" name="executeUsers" time="9.433"/>
  <testcase classname="utility.Task" name="executeTask" time="8.449"/>
  <testcase classname="utility.Reports" name="executeReports" time="0.0">
    <ignored/>
  </testcase> <!-- executeReports -->
</testsuite> <!-- Test -->
