<?xml version="1.0" encoding="UTF-8"?>
<testng-results ignored="0" total="2" passed="2" failed="0" skipped="0">
  <reporter-output>
  </reporter-output>
  <suite started-at="2022-10-16T16:21:42 IST" name="Suite" finished-at="2022-10-16T16:22:31 IST" duration-ms="49547">
    <groups>
    </groups>
    <test started-at="2022-10-16T16:21:42 IST" name="Test" finished-at="2022-10-16T16:22:10 IST" duration-ms="28317">
      <class name="utility_class_for_cross_browser.Execution_task">
        <test-method is-config="true" signature="launchBrowser(java.lang.String)[pri:0, instance:utility_class_for_cross_browser.Execution_task@b62d79]" started-at="2022-10-16T16:21:42 IST" name="launchBrowser" finished-at="2022-10-16T16:21:53 IST" duration-ms="11129" status="PASS">
          <params>
            <param index="0">
              <value>
                <![CDATA[chrome]]>
              </value>
            </param>
          </params>
          <reporter-output>
          </reporter-output>
        </test-method> <!-- launchBrowser -->
        <test-method is-config="true" signature="login()[pri:0, instance:utility_class_for_cross_browser.Execution_task@b62d79]" started-at="2022-10-16T16:21:53 IST" name="login" finished-at="2022-10-16T16:21:53 IST" duration-ms="242" status="PASS">
          <reporter-output>
          </reporter-output>
        </test-method> <!-- login -->
        <test-method signature="task()[pri:0, instance:utility_class_for_cross_browser.Execution_task@b62d79]" started-at="2022-10-16T16:21:53 IST" name="task" finished-at="2022-10-16T16:22:01 IST" duration-ms="8052" status="PASS">
          <reporter-output>
          </reporter-output>
        </test-method> <!-- task -->
        <test-method is-config="true" signature="logout()[pri:0, instance:utility_class_for_cross_browser.Execution_task@b62d79]" started-at="2022-10-16T16:22:01 IST" name="logout" finished-at="2022-10-16T16:22:10 IST" duration-ms="8761" status="PASS">
          <reporter-output>
          </reporter-output>
        </test-method> <!-- logout -->
        <test-method is-config="true" signature="closeBrowser()[pri:0, instance:utility_class_for_cross_browser.Execution_task@b62d79]" started-at="2022-10-16T16:22:10 IST" name="closeBrowser" finished-at="2022-10-16T16:22:10 IST" duration-ms="105" status="PASS">
          <reporter-output>
          </reporter-output>
        </test-method> <!-- closeBrowser -->
      </class> <!-- utility_class_for_cross_browser.Execution_task -->
    </test> <!-- Test -->
    <test started-at="2022-10-16T16:22:10 IST" name="Test1" finished-at="2022-10-16T16:22:31 IST" duration-ms="21204">
      <class name="utility_class_for_cross_browser.Execution_task">
        <test-method is-config="true" signature="launchBrowser(java.lang.String)[pri:0, instance:utility_class_for_cross_browser.Execution_task@63a12c68]" started-at="2022-10-16T16:22:10 IST" name="launchBrowser" finished-at="2022-10-16T16:22:19 IST" duration-ms="8815" status="PASS">
          <params>
            <param index="0">
              <value>
                <![CDATA[firefox]]>
              </value>
            </param>
          </params>
          <reporter-output>
          </reporter-output>
        </test-method> <!-- launchBrowser -->
        <test-method is-config="true" signature="login()[pri:0, instance:utility_class_for_cross_browser.Execution_task@63a12c68]" started-at="2022-10-16T16:22:19 IST" name="login" finished-at="2022-10-16T16:22:19 IST" duration-ms="503" status="PASS">
          <reporter-output>
          </reporter-output>
        </test-method> <!-- login -->
        <test-method signature="task()[pri:0, instance:utility_class_for_cross_browser.Execution_task@63a12c68]" started-at="2022-10-16T16:22:19 IST" name="task" finished-at="2022-10-16T16:22:27 IST" duration-ms="7870" status="PASS">
          <reporter-output>
          </reporter-output>
        </test-method> <!-- task -->
        <test-method is-config="true" signature="logout()[pri:0, instance:utility_class_for_cross_browser.Execution_task@63a12c68]" started-at="2022-10-16T16:22:27 IST" name="logout" finished-at="2022-10-16T16:22:31 IST" duration-ms="3299" status="PASS">
          <reporter-output>
          </reporter-output>
        </test-method> <!-- logout -->
        <test-method is-config="true" signature="closeBrowser()[pri:0, instance:utility_class_for_cross_browser.Execution_task@63a12c68]" started-at="2022-10-16T16:22:31 IST" name="closeBrowser" finished-at="2022-10-16T16:22:31 IST" duration-ms="711" status="PASS">
          <reporter-output>
          </reporter-output>
        </test-method> <!-- closeBrowser -->
      </class> <!-- utility_class_for_cross_browser.Execution_task -->
    </test> <!-- Test1 -->
  </suite> <!-- Suite -->
</testng-results>
