<?xml version="1.0" encoding="UTF-8"?>
<testng-results ignored="1" total="3" passed="2" failed="0" skipped="0">
  <reporter-output>
  </reporter-output>
  <suite started-at="2022-10-17T23:55:05 IST" name="Suite" finished-at="2022-10-17T23:56:00 IST" duration-ms="54970">
    <groups>
      <group name="smoke">
        <method signature="Task.executeTask()[pri:0, instance:utility.Task@22e357dc]" name="executeTask" class="utility.Task"/>
        <method signature="Users.executeUsers()[pri:0, instance:utility.Users@702b8b12]" name="executeUsers" class="utility.Users"/>
      </group> <!-- smoke -->
      <group name="sanity">
        <method signature="Users.executeUsers()[pri:0, instance:utility.Users@702b8b12]" name="executeUsers" class="utility.Users"/>
      </group> <!-- sanity -->
    </groups>
    <test started-at="2022-10-17T23:55:05 IST" name="Test" finished-at="2022-10-17T23:56:00 IST" duration-ms="54970">
      <class name="utility.Users">
        <test-method is-config="true" signature="launchBrowser()[pri:0, instance:utility.Users@702b8b12]" started-at="2022-10-17T23:55:05 IST" name="launchBrowser" finished-at="2022-10-17T23:55:19 IST" duration-ms="13850" status="PASS">
          <reporter-output>
          </reporter-output>
        </test-method> <!-- launchBrowser -->
        <test-method is-config="true" signature="login()[pri:0, instance:utility.Users@702b8b12]" started-at="2022-10-17T23:55:19 IST" name="login" finished-at="2022-10-17T23:55:19 IST" duration-ms="274" status="PASS">
          <reporter-output>
          </reporter-output>
        </test-method> <!-- login -->
        <test-method signature="executeUsers()[pri:0, instance:utility.Users@702b8b12]" started-at="2022-10-17T23:55:19 IST" name="executeUsers" finished-at="2022-10-17T23:55:29 IST" duration-ms="9433" status="PASS">
          <reporter-output>
          </reporter-output>
        </test-method> <!-- executeUsers -->
        <test-method is-config="true" signature="logout()[pri:0, instance:utility.Users@702b8b12]" started-at="2022-10-17T23:55:29 IST" name="logout" finished-at="2022-10-17T23:55:34 IST" duration-ms="4846" status="PASS">
          <reporter-output>
          </reporter-output>
        </test-method> <!-- logout -->
        <test-method is-config="true" signature="closeBrowser()[pri:0, instance:utility.Users@702b8b12]" started-at="2022-10-17T23:55:34 IST" name="closeBrowser" finished-at="2022-10-17T23:55:34 IST" duration-ms="171" status="PASS">
          <reporter-output>
          </reporter-output>
        </test-method> <!-- closeBrowser -->
      </class> <!-- utility.Users -->
      <class name="utility.Task">
        <test-method is-config="true" signature="launchBrowser()[pri:0, instance:utility.Task@22e357dc]" started-at="2022-10-17T23:55:34 IST" name="launchBrowser" finished-at="2022-10-17T23:55:43 IST" duration-ms="8782" status="PASS">
          <reporter-output>
          </reporter-output>
        </test-method> <!-- launchBrowser -->
        <test-method is-config="true" signature="login()[pri:0, instance:utility.Task@22e357dc]" started-at="2022-10-17T23:55:43 IST" name="login" finished-at="2022-10-17T23:55:43 IST" duration-ms="291" status="PASS">
          <reporter-output>
          </reporter-output>
        </test-method> <!-- login -->
        <test-method signature="executeTask()[pri:0, instance:utility.Task@22e357dc]" started-at="2022-10-17T23:55:43 IST" name="executeTask" finished-at="2022-10-17T23:55:51 IST" duration-ms="8449" status="PASS">
          <reporter-output>
          </reporter-output>
        </test-method> <!-- executeTask -->
        <test-method is-config="true" signature="logout()[pri:0, instance:utility.Task@22e357dc]" started-at="2022-10-17T23:55:51 IST" name="logout" finished-at="2022-10-17T23:56:00 IST" duration-ms="8700" status="PASS">
          <reporter-output>
          </reporter-output>
        </test-method> <!-- logout -->
        <test-method is-config="true" signature="closeBrowser()[pri:0, instance:utility.Task@22e357dc]" started-at="2022-10-17T23:56:00 IST" name="closeBrowser" finished-at="2022-10-17T23:56:00 IST" duration-ms="130" status="PASS">
          <reporter-output>
          </reporter-output>
        </test-method> <!-- closeBrowser -->
      </class> <!-- utility.Task -->
    </test> <!-- Test -->
  </suite> <!-- Suite -->
</testng-results>
