<?xml version="1.0" encoding="UTF-8"?>
<!-- Generated by org.testng.reporters.JUnitXMLReporter -->
<testsuite ignored="0" hostname="JSP-JNTU-HYD" failures="0" tests="3" name="Test" time="103.419" errors="0" timestamp="2022-10-13T22:21:18 IST">
  <testcase classname="batch_execution.Base_class_for_task" name="execution" time="5.154"/>
  <testcase classname="batch_execution.Base_class_for_users" name="execution" time="6.965"/>
  <testcase classname="batch_execution.Base_class_for_report" name="execution" time="8.668"/>
</testsuite> <!-- Test -->
